<?xml version="1.0" encoding="UTF-8" ?>
<testsuite tests="9" failures="0" name="krsTest.CalculatorTest" time="0.02" errors="0" skipped="0">
  <properties>
[...]
</properties>
  <testcase classname="krsTest.CalculatorTest" name="testMax" time="0.015"/>
  <testcase classname="krsTest.CalculatorTest" name="testMin" time="0"/>
  <testcase classname="krsTest.CalculatorTest" name="testSum" time="0"/>
  <testcase classname="krsTest.CalculatorTest" name="testMaxElement" time="0.002"/>
  <testcase classname="krsTest.CalculatorTest" name="testMinus" time="0.001"/>
  <testcase classname="krsTest.CalculatorTest" name="testMinElement" time="0.001"/>
  <testcase classname="krsTest.CalculatorTest" name="testDivide" time="0.001"/>
  <testcase classname="krsTest.CalculatorTest" name="testMintiplyy" time="0"/>
  <testcase classname="krsTest.CalculatorTest" name="testDivideWillThrowExceptionWhenDivideOnZero" time="0"/>
</testsuite>